Number of tasks= 64, My rank= 0
Number of tasks= 64, My rank= 1
Number of tasks= 64, My rank= 2
Number of tasks= 64, My rank= 3
Number of tasks= 64, My rank= 4
Number of tasks= 64, My rank= 5
Number of tasks= 64, My rank= 6
Number of tasks= 64, My rank= 7
Number of tasks= 64, My rank= 8
Number of tasks= 64, My rank= 9
Number of tasks= 64, My rank= 10
Number of tasks= 64, My rank= 12
Number of tasks= 64, My rank= 13
Number of tasks= 64, My rank= 14
Number of tasks= 64, My rank= 15
Number of tasks= 64, My rank= 11
Read in 50000 words
Number of tasks= 64, My rank= 32
Number of tasks= 64, My rank= 49
Number of tasks= 64, My rank= 17
Number of tasks= 64, My rank= 33
Number of tasks= 64, My rank= 50
Number of tasks= 64, My rank= 19
Number of tasks= 64, My rank= 34
Number of tasks= 64, My rank= 51
Number of tasks= 64, My rank= 20
Number of tasks= 64, My rank= 36
Number of tasks= 64, My rank= 54
Number of tasks= 64, My rank= 21
Number of tasks= 64, My rank= 37
Number of tasks= 64, My rank= 55
Number of tasks= 64, My rank= 22
Number of tasks= 64, My rank= 38
Number of tasks= 64, My rank= 57
Number of tasks= 64, My rank= 23
Number of tasks= 64, My rank= 39
Number of tasks= 64, My rank= 58
Number of tasks= 64, My rank= 24
Number of tasks= 64, My rank= 42
Number of tasks= 64, My rank= 59
Number of tasks= 64, My rank= 25
Number of tasks= 64, My rank= 43
Number of tasks= 64, My rank= 60
Number of tasks= 64, My rank= 26
Number of tasks= 64, My rank= 44
Number of tasks= 64, My rank= 62
Number of tasks= 64, My rank= 27
Number of tasks= 64, My rank= 45
Number of tasks= 64, My rank= 48
Number of tasks= 64, My rank= 28
Number of tasks= 64, My rank= 46
Number of tasks= 64, My rank= 52
Number of tasks= 64, My rank= 29
Number of tasks= 64, My rank= 47
Number of tasks= 64, My rank= 53
Number of tasks= 64, My rank= 31
Number of tasks= 64, My rank= 35
Number of tasks= 64, My rank= 61
Number of tasks= 64, My rank= 16
Number of tasks= 64, My rank= 40
Number of tasks= 64, My rank= 63
Number of tasks= 64, My rank= 18
Number of tasks= 64, My rank= 41
Number of tasks= 64, My rank= 56
Number of tasks= 64, My rank= 30
Read in 100000 lines averaging 1707 chars/line

Chunk Number: 1, Start: 781, End: 1562

Chunk Number: 2, Start: 1562, End: 2343

Chunk Number: 0, Start: 0, End: 781

Chunk Number: 3, Start: 2343, End: 3124

Chunk Number: 4, Start: 3124, End: 3905

Chunk Number: 5, Start: 3905, End: 4686

Chunk Number: 6, Start: 4686, End: 5467

Chunk Number: 7, Start: 5467, End: 6248

Chunk Number: 8, Start: 6248, End: 7029

Chunk Number: 9, Start: 7029, End: 7810

Chunk Number: 10, Start: 7810, End: 8591

Chunk Number: 11, Start: 8591, End: 9372

Chunk Number: 15, Start: 11715, End: 12496

Chunk Number: 12, Start: 9372, End: 10153

Chunk Number: 13, Start: 10153, End: 10934

Chunk Number: 14, Start: 10934, End: 11715

Chunk Number: 16, Start: 12496, End: 13277

Chunk Number: 17, Start: 13277, End: 14058

Chunk Number: 19, Start: 14839, End: 15620

Chunk Number: 20, Start: 15620, End: 16401

Chunk Number: 21, Start: 16401, End: 17182

Chunk Number: 22, Start: 17182, End: 17963

Chunk Number: 23, Start: 17963, End: 18744

Chunk Number: 24, Start: 18744, End: 19525

Chunk Number: 25, Start: 19525, End: 20306

Chunk Number: 26, Start: 20306, End: 21087

Chunk Number: 27, Start: 21087, End: 21868

Chunk Number: 28, Start: 21868, End: 22649

Chunk Number: 18, Start: 14058, End: 14839

Chunk Number: 29, Start: 22649, End: 23430

Chunk Number: 30, Start: 23430, End: 24211

Chunk Number: 31, Start: 24211, End: 24992

Chunk Number: 32, Start: 24992, End: 25773

Chunk Number: 62, Start: 48422, End: 49203

Chunk Number: 33, Start: 25773, End: 26554

Chunk Number: 49, Start: 38269, End: 39050

Chunk Number: 47, Start: 36707, End: 37488

Chunk Number: 50, Start: 39050, End: 39831

Chunk Number: 34, Start: 26554, End: 27335

Chunk Number: 48, Start: 37488, End: 38269

Chunk Number: 36, Start: 28116, End: 28897

Chunk Number: 52, Start: 40612, End: 41393

Chunk Number: 37, Start: 28897, End: 29678

Chunk Number: 51, Start: 39831, End: 40612

Chunk Number: 38, Start: 29678, End: 30459

Chunk Number: 54, Start: 42174, End: 42955

Chunk Number: 35, Start: 27335, End: 28116

Chunk Number: 63, Start: 49203, End: 50000

Chunk Number: 40, Start: 31240, End: 32021

Chunk Number: 55, Start: 42955, End: 43736

Chunk Number: 39, Start: 30459, End: 31240

Chunk Number: 57, Start: 44517, End: 45298

Chunk Number: 42, Start: 32802, End: 33583

Chunk Number: 58, Start: 45298, End: 46079

Chunk Number: 43, Start: 33583, End: 34364

Chunk Number: 59, Start: 46079, End: 46860

Chunk Number: 44, Start: 34364, End: 35145

Chunk Number: 53, Start: 41393, End: 42174

Chunk Number: 45, Start: 35145, End: 35926

Chunk Number: 60, Start: 46860, End: 47641

Chunk Number: 46, Start: 35926, End: 36707

Chunk Number: 61, Start: 47641, End: 48422

Chunk Number: 41, Start: 32021, End: 32802

Chunk Number: 56, Start: 43736, End: 44517

Rank 54 Runtime: 62.897910 seconds
Rank 59 Runtime: 62.902242 seconds
Rank 58 Runtime: 62.917596 seconds
Rank 61 Runtime: 62.922940 seconds
Rank 56 Runtime: 62.971167 seconds
Rank 52 Runtime: 62.979772 seconds
Rank 62 Runtime: 62.981411 seconds
Rank 43 Runtime: 62.987046 seconds
Rank 46 Runtime: 62.997955 seconds
Rank 50 Runtime: 63.004374 seconds
Rank 45 Runtime: 62.998385 seconds
Rank 60 Runtime: 63.014583 seconds
Rank 57 Runtime: 63.018056 seconds
Rank 28 Runtime: 63.010248 seconds
Rank 30 Runtime: 63.023550 seconds
Rank 49 Runtime: 63.026659 seconds
Rank 26 Runtime: 63.033848 seconds
Rank 39 Runtime: 63.036522 seconds
Rank 53 Runtime: 63.038943 seconds
Rank 38 Runtime: 63.041010 seconds
Rank 51 Runtime: 63.046743 seconds
Rank 42 Runtime: 63.042660 seconds
Rank 44 Runtime: 63.043664 seconds
Rank 35 Runtime: 63.054330 seconds
Rank 55 Runtime: 63.055295 seconds
Rank 22 Runtime: 63.057991 seconds
Rank 34 Runtime: 63.057368 seconds
Rank 19 Runtime: 63.061668 seconds
Rank 33 Runtime: 63.062035 seconds
Rank 24 Runtime: 63.062407 seconds
Rank 20 Runtime: 63.063720 seconds

Rank 37 Runtime: 63.063047 seconds
Rank 23 Runtime: 63.064685 seconds
Rank 17 Runtime: 63.067568 seconds
Rank 16 Runtime: 63.072145 seconds
Rank 21 Runtime: 63.072218 secondsRank 12 Runtime: 63.076070 seconds
Rank 18 Runtime: 63.073764 seconds
Rank 25 Runtime: 63.075234 seconds
Rank 41 Runtime: 63.075183 seconds
Rank 31 Runtime: 63.075772 seconds
Rank 40 Runtime: 63.077288 seconds
Rank 27 Runtime: 63.082034 seconds
Rank 36 Runtime: 63.080533 seconds
Rank 14 Runtime: 63.088235 seconds
Rank 47 Runtime: 63.093691 seconds
Rank 7 Runtime: 63.103196 seconds
Rank 3 Runtime: 63.112227 seconds
Rank 48 Runtime: 63.103099 seconds
Rank 9 Runtime: 63.123832 seconds
Rank 32 Runtime: 63.118092 seconds
Rank 11 Runtime: 63.127025 seconds
Rank 13 Runtime: 63.127853 seconds
Rank 29 Runtime: 63.134028 seconds
Rank 15 Runtime: 63.159122 seconds
Rank 5 Runtime: 63.223555 seconds
Rank 2 Runtime: 63.279281 seconds
Rank 8 Runtime: 63.280925 seconds
Rank 10 Runtime: 63.280845 seconds
Rank 4 Runtime: 63.282983 seconds
Rank 6 Runtime: 63.325042 seconds
Rank 0 Runtime: 63.340914 seconds
Rank 1 Runtime: 63.361487 seconds
Rank 63 Runtime: 64.042310 seconds

DATA: Total Runtime: 82.1615