Number of tasks= 8, My rank= 0
Read in 50000 words
Number of tasks= 8, My rank= 1
Number of tasks= 8, My rank= 2
Number of tasks= 8, My rank= 3
Number of tasks= 8, My rank= 4
Number of tasks= 8, My rank= 5
Number of tasks= 8, My rank= 6
Number of tasks= 8, My rank= 7
Read in 10000 lines averaging 1691 chars/line

Chunk Number: 1, Start: 6250, End: 12500

Chunk Number: 2, Start: 12500, End: 18750

Chunk Number: 0, Start: 0, End: 6250

Chunk Number: 3, Start: 18750, End: 25000

Chunk Number: 4, Start: 25000, End: 31250

Chunk Number: 5, Start: 31250, End: 37500

Chunk Number: 6, Start: 37500, End: 43750

Chunk Number: 7, Start: 43750, End: 50000

Rank 7 Runtime: 49.480802 seconds
Rank 6 Runtime: 49.516045 seconds
Rank 5 Runtime: 49.545583 seconds
Rank 4 Runtime: 49.569557 seconds
Rank 2 Runtime: 49.983433 seconds
Rank 1 Runtime: 50.003460 seconds
Rank 0 Runtime: 50.027475 seconds
Rank 3 Runtime: 50.095660 seconds

DATA: Total Runtime: 52.2187