Number of tasks= 16, My rank= 12
Number of tasks= 16, My rank= 13
Number of tasks= 16, My rank= 14
Number of tasks= 16, My rank= 15
Number of tasks= 16, My rank= 0
Read in 50000 words
Number of tasks= 16, My rank= 1
Number of tasks= 16, My rank= 2
Number of tasks= 16, My rank= 3
Number of tasks= 16, My rank= 8
Number of tasks= 16, My rank= 4
Number of tasks= 16, My rank= 9
Number of tasks= 16, My rank= 5
Number of tasks= 16, My rank= 10
Number of tasks= 16, My rank= 7
Number of tasks= 16, My rank= 11
Number of tasks= 16, My rank= 6
Read in 10000 lines averaging 1691 chars/line

Chunk Number: 0, Start: 0, End: 3125

Chunk Number: 3, Start: 9375, End: 12500

Chunk Number: 1, Start: 3125, End: 6250

Chunk Number: 2, Start: 6250, End: 9375

Chunk Number: 8, Start: 25000, End: 28125

Chunk Number: 4, Start: 12500, End: 15625

Chunk Number: 12, Start: 37500, End: 40625

Chunk Number: 9, Start: 28125, End: 31250

Chunk Number: 7, Start: 21875, End: 25000

Chunk Number: 13, Start: 40625, End: 43750

Chunk Number: 10, Start: 31250, End: 34375

Chunk Number: 5, Start: 15625, End: 18750

Chunk Number: 14, Start: 43750, End: 46875

Chunk Number: 11, Start: 34375, End: 37500

Chunk Number: 6, Start: 18750, End: 21875

Chunk Number: 15, Start: 46875, End: 50000

Rank 6 Runtime: 23.383514 seconds
Rank 14 Runtime: 23.598106 seconds
Rank 15 Runtime: 23.621054 seconds
Rank 12 Runtime: 24.925088 seconds
Rank 13 Runtime: 24.930501 seconds
Rank 3 Runtime: 24.959773 seconds
Rank 2 Runtime: 24.963318 seconds
Rank 5 Runtime: 24.963953 seconds
Rank 7 Runtime: 24.964569 seconds
Rank 4 Runtime: 24.975346 seconds
Rank 1 Runtime: 24.976199 seconds
Rank 0 Runtime: 24.984851 seconds
Rank 10 Runtime: 24.998043 seconds
Rank 11 Runtime: 25.000905 seconds
Rank 9 Runtime: 25.002008 seconds
Rank 8 Runtime: 25.013961 seconds

DATA: Total Runtime: 28.4346