Number of tasks= 80, My rank= 50
Number of tasks= 80, My rank= 32
Number of tasks= 80, My rank= 51
Number of tasks= 80, My rank= 33
Number of tasks= 80, My rank= 53
Number of tasks= 80, My rank= 34
Number of tasks= 80, My rank= 54
Number of tasks= 80, My rank= 35
Number of tasks= 80, My rank= 56
Number of tasks= 80, My rank= 36
Number of tasks= 80, My rank= 57
Number of tasks= 80, My rank= 37
Number of tasks= 80, My rank= 58
Number of tasks= 80, My rank= 38
Number of tasks= 80, My rank= 59
Number of tasks= 80, My rank= 39
Number of tasks= 80, My rank= 60
Number of tasks= 80, My rank= 40
Number of tasks= 80, My rank= 61
Number of tasks= 80, My rank= 41
Number of tasks= 80, My rank= 62
Number of tasks= 80, My rank= 42
Number of tasks= 80, My rank= 63
Number of tasks= 80, My rank= 43
Number of tasks= 80, My rank= 48
Number of tasks= 80, My rank= 44
Number of tasks= 80, My rank= 49
Number of tasks= 80, My rank= 45
Number of tasks= 80, My rank= 52
Number of tasks= 80, My rank= 47
Number of tasks= 80, My rank= 55
Number of tasks= 80, My rank= 46
Number of tasks= 80, My rank= 64
Number of tasks= 80, My rank= 65
Number of tasks= 80, My rank= 67
Number of tasks= 80, My rank= 68
Number of tasks= 80, My rank= 70
Number of tasks= 80, My rank= 72
Number of tasks= 80, My rank= 73
Number of tasks= 80, My rank= 74
Number of tasks= 80, My rank= 75
Number of tasks= 80, My rank= 76
Number of tasks= 80, My rank= 77
Number of tasks= 80, My rank= 78
Number of tasks= 80, My rank= 79
Number of tasks= 80, My rank= 66
Number of tasks= 80, My rank= 69
Number of tasks= 80, My rank= 71
Number of tasks= 80, My rank= 0
Read in 50000 words
Number of tasks= 80, My rank= 1
Number of tasks= 80, My rank= 2
Number of tasks= 80, My rank= 3
Number of tasks= 80, My rank= 4
Number of tasks= 80, My rank= 5
Number of tasks= 80, My rank= 6
Number of tasks= 80, My rank= 7
Number of tasks= 80, My rank= 8
Number of tasks= 80, My rank= 9
Number of tasks= 80, My rank= 10
Number of tasks= 80, My rank= 11
Number of tasks= 80, My rank= 12
Number of tasks= 80, My rank= 13
Number of tasks= 80, My rank= 14
Number of tasks= 80, My rank= 15
Number of tasks= 80, My rank= 16
Number of tasks= 80, My rank= 17
Number of tasks= 80, My rank= 18
Number of tasks= 80, My rank= 19
Number of tasks= 80, My rank= 20
Number of tasks= 80, My rank= 21
Number of tasks= 80, My rank= 22
Number of tasks= 80, My rank= 23
Number of tasks= 80, My rank= 24
Number of tasks= 80, My rank= 25
Number of tasks= 80, My rank= 26
Number of tasks= 80, My rank= 27
Number of tasks= 80, My rank= 28
Number of tasks= 80, My rank= 29
Number of tasks= 80, My rank= 30
Number of tasks= 80, My rank= 31
Read in 10000 lines averaging 1691 chars/line

Chunk Number: 15, Start: 9375, End: 10000

Chunk Number: 1, Start: 625, End: 1250

Chunk Number: 2, Start: 1250, End: 1875

Chunk Number: 3, Start: 1875, End: 2500

Chunk Number: 4, Start: 2500, End: 3125

Chunk Number: 5, Start: 3125, End: 3750

Chunk Number: 6, Start: 3750, End: 4375

Chunk Number: 7, Start: 4375, End: 5000

Chunk Number: 8, Start: 5000, End: 5625

Chunk Number: 9, Start: 5625, End: 6250

Chunk Number: 10, Start: 6250, End: 6875

Chunk Number: 11, Start: 6875, End: 7500

Chunk Number: 12, Start: 7500, End: 8125

Chunk Number: 13, Start: 8125, End: 8750

Chunk Number: 14, Start: 8750, End: 9375

Chunk Number: 0, Start: 0, End: 625

Chunk Number: 16, Start: 10000, End: 10625

Chunk Number: 17, Start: 10625, End: 11250

Chunk Number: 18, Start: 11250, End: 11875

Chunk Number: 19, Start: 11875, End: 12500

Chunk Number: 20, Start: 12500, End: 13125

Chunk Number: 21, Start: 13125, End: 13750

Chunk Number: 22, Start: 13750, End: 14375

Chunk Number: 23, Start: 14375, End: 15000

Chunk Number: 24, Start: 15000, End: 15625

Chunk Number: 25, Start: 15625, End: 16250

Chunk Number: 26, Start: 16250, End: 16875

Chunk Number: 27, Start: 16875, End: 17500

Chunk Number: 28, Start: 17500, End: 18125

Chunk Number: 29, Start: 18125, End: 18750

Chunk Number: 30, Start: 18750, End: 19375

Chunk Number: 31, Start: 19375, End: 20000

Chunk Number: 32, Start: 20000, End: 20625

Chunk Number: 33, Start: 20625, End: 21250

Chunk Number: 34, Start: 21250, End: 21875

Chunk Number: 35, Start: 21875, End: 22500

Chunk Number: 36, Start: 22500, End: 23125

Chunk Number: 37, Start: 23125, End: 23750

Chunk Number: 38, Start: 23750, End: 24375

Chunk Number: 39, Start: 24375, End: 25000

Chunk Number: 40, Start: 25000, End: 25625

Chunk Number: 41, Start: 25625, End: 26250

Chunk Number: 42, Start: 26250, End: 26875

Chunk Number: 43, Start: 26875, End: 27500

Chunk Number: 44, Start: 27500, End: 28125

Chunk Number: 47, Start: 29375, End: 30000

Chunk Number: 45, Start: 28125, End: 28750

Chunk Number: 46, Start: 28750, End: 29375

Chunk Number: 63, Start: 39375, End: 40000

Chunk Number: 48, Start: 30000, End: 30625

Chunk Number: 50, Start: 31250, End: 31875

Chunk Number: 49, Start: 30625, End: 31250

Chunk Number: 51, Start: 31875, End: 32500

Chunk Number: 53, Start: 33125, End: 33750

Chunk Number: 52, Start: 32500, End: 33125

Chunk Number: 54, Start: 33750, End: 34375

Chunk Number: 56, Start: 35000, End: 35625

Chunk Number: 57, Start: 35625, End: 36250

Chunk Number: 58, Start: 36250, End: 36875

Chunk Number: 59, Start: 36875, End: 37500

Chunk Number: 60, Start: 37500, End: 38125

Chunk Number: 61, Start: 38125, End: 38750

Chunk Number: 62, Start: 38750, End: 39375

Chunk Number: 55, Start: 34375, End: 35000

Chunk Number: 64, Start: 40000, End: 40625

Chunk Number: 79, Start: 49375, End: 50000

Chunk Number: 65, Start: 40625, End: 41250

Chunk Number: 67, Start: 41875, End: 42500

Chunk Number: 66, Start: 41250, End: 41875

Chunk Number: 68, Start: 42500, End: 43125

Chunk Number: 69, Start: 43125, End: 43750

Chunk Number: 70, Start: 43750, End: 44375

Chunk Number: 72, Start: 45000, End: 45625

Chunk Number: 73, Start: 45625, End: 46250

Chunk Number: 74, Start: 46250, End: 46875

Chunk Number: 75, Start: 46875, End: 47500

Chunk Number: 76, Start: 47500, End: 48125

Chunk Number: 77, Start: 48125, End: 48750

Chunk Number: 78, Start: 48750, End: 49375

Chunk Number: 71, Start: 44375, End: 45000

Rank 14 Runtime: 4.998020 seconds
Rank 15 Runtime: 5.000827 seconds
Rank 4 Runtime: 5.003309 seconds
Rank 5 Runtime: 4.999854 seconds
Rank 6 Runtime: 5.002207 seconds
Rank 9 Runtime: 5.002543 seconds
Rank 11 Runtime: 5.001260 seconds
Rank 7 Runtime: 5.004058 seconds
Rank 10 Runtime: 5.004017 seconds
Rank 0 Runtime: 5.004362 seconds
Rank 13 Runtime: 5.004536 seconds
Rank 8 Runtime: 5.005524 seconds
Rank 2 Runtime: 5.006134 seconds
Rank 12 Runtime: 5.006285 seconds
Rank 3 Runtime: 5.007463 seconds
Rank 1 Runtime: 5.007932 seconds
Rank 23 Runtime: 4.994475 seconds
Rank 22 Runtime: 4.996444 seconds
Rank 25 Runtime: 4.996387 seconds
Rank 26 Runtime: 4.997137 seconds
Rank 21 Runtime: 4.997592 seconds
Rank 20 Runtime: 4.997903 seconds
Rank 30 Runtime: 4.997955 seconds
Rank 28 Runtime: 4.998401 seconds
Rank 18 Runtime: 4.998590 seconds
Rank 24 Runtime: 4.998942 seconds
Rank 16 Runtime: 4.999308 seconds
Rank 29 Runtime: 4.999507 seconds
Rank 17 Runtime: 5.000188 seconds
Rank 27 Runtime: 5.001329 seconds
Rank 19 Runtime: 5.002036 seconds
Rank 31 Runtime: 5.009707 seconds
Rank 43 Runtime: 4.993071 seconds
Rank 35 Runtime: 4.998557 seconds
Rank 44 Runtime: 4.998373 seconds
Rank 37 Runtime: 4.998767 seconds
Rank 33 Runtime: 4.999277 seconds
Rank 42 Runtime: 4.999202 seconds
Rank 46 Runtime: 4.999281 seconds
Rank 40 Runtime: 4.999498 seconds
Rank 32 Runtime: 4.999729 seconds
Rank 39 Runtime: 4.999707 seconds
Rank 36 Runtime: 4.999895 seconds
Rank 47 Runtime: 5.000787 seconds
Rank 38 Runtime: 5.000929 seconds
Rank 34 Runtime: 5.001093 seconds
Rank 45 Runtime: 5.001652 seconds
Rank 41 Runtime: 5.003279 seconds
Rank 60 Runtime: 4.982706 seconds
Rank 61 Runtime: 4.991774 seconds
Rank 73 Runtime: 4.977580 seconds
Rank 57 Runtime: 4.992817 seconds
Rank 58 Runtime: 4.993301 seconds
Rank 59 Runtime: 4.993479 seconds
Rank 56 Runtime: 4.994464 seconds
Rank 63 Runtime: 4.994476 seconds
Rank 54 Runtime: 4.995043 seconds
Rank 48 Runtime: 4.996073 seconds
Rank 67 Runtime: 4.988048 seconds
Rank 62 Runtime: 4.997008 seconds
Rank 77 Runtime: 4.984757 seconds
Rank 55 Runtime: 4.997253 seconds
Rank 79 Runtime: 4.988467 seconds
Rank 50 Runtime: 4.999793 seconds
Rank 68 Runtime: 4.990129 seconds
Rank 49 Runtime: 5.000200 seconds
Rank 65 Runtime: 4.990393 seconds
Rank 53 Runtime: 5.000785 seconds
Rank 78 Runtime: 4.990463 seconds
Rank 52 Runtime: 5.000920 seconds
Rank 75 Runtime: 4.990633 seconds
Rank 51 Runtime: 5.001936 seconds
Rank 76 Runtime: 4.990686 seconds
Rank 71 Runtime: 4.990894 seconds
Rank 70 Runtime: 4.991641 seconds
Rank 74 Runtime: 4.991635 seconds
Rank 72 Runtime: 4.992523 seconds
Rank 66 Runtime: 4.996871 seconds
Rank 69 Runtime: 4.996814 seconds
Rank 64 Runtime: 4.998505 seconds

DATA: Total Runtime: 9.6119