Number of tasks= 6, My rank= 0
Number of tasks= 6, My rank= 1
Number of tasks= 6, My rank= 4
Number of tasks= 6, My rank= 5
Number of tasks= 6, My rank= 2
Number of tasks= 6, My rank= 3
Read in 50000 words
Read in 1000000 lines averaging 1708 chars/line

Chunk Number: 1, Start: 8333, End: 16666

Chunk Number: 0, Start: 0, End: 8333

Chunk Number: 2, Start: 16666, End: 24999

Chunk Number: 4, Start: 33332, End: 41665

Chunk Number: 3, Start: 24999, End: 33332

Chunk Number: 5, Start: 41665, End: 50000

Rank 3 Runtime: 6723.227657 seconds
Rank 2 Runtime: 6724.034183 seconds
Rank 0 Runtime: 6765.330227 seconds
Rank 1 Runtime: 6768.188244 seconds
Rank 5 Runtime: 6784.666071 seconds
Rank 4 Runtime: 6787.258000 seconds

DATA: Total Runtime: 6807.5576