Hostname: elf36
elf36
elf36
elf36
elf36
elf36
elf36
elf36
elf36
elf36
elf36
elf36
elf36
elf36
elf36
elf36
DATA, 1, 16, 109.529000
 a 1229808
 b 1230504
 c 1232369
 d 1229756
 e 1230372
 f 1229397
 g 1231176
 h 1232923
 i 1230835
 j 1230452
 k 1230791
 l 1231766
 m 1231755
 n 1230605
 o 1233267
 p 1229779
 q 1230909
 r 1230020
 s 1228555
 t 1230744
 u 1229432
 v 1232133
 w 1231967
 x 1229544
 y 1231406
 z 1229735

Total characters:  32000000
DATA, 1, 16, 89.378000
 a 1229808
 b 1230504
 c 1232369
 d 1229756
 e 1230372
 f 1229397
 g 1231176
 h 1232923
 i 1230835
 j 1230452
 k 1230791
 l 1231766
 m 1231755
 n 1230605
 o 1233267
 p 1229779
 q 1230909
 r 1230020
 s 1228555
 t 1230744
 u 1229432
 v 1232133
 w 1231967
 x 1229544
 y 1231406
 z 1229735

Total characters:  32000000
DATA, 1, 16, 89.644000
 a 1229808
 b 1230504
 c 1232369
 d 1229756
 e 1230372
 f 1229397
 g 1231176
 h 1232923
 i 1230835
 j 1230452
 k 1230791
 l 1231766
 m 1231755
 n 1230605
 o 1233267
 p 1229779
 q 1230909
 r 1230020
 s 1228555
 t 1230744
 u 1229432
 v 1232133
 w 1231967
 x 1229544
 y 1231406
 z 1229735

Total characters:  32000000
