slurmstepd: error: task/cgroup: task[0] unable to set taskset '0x00000005'
slurmstepd: error: task/cgroup: task[0] unable to set taskset '0x00000001'
slurmstepd: error: task/cgroup: task[1] unable to set taskset '0x00000004'
Hostname: elf09
elf09
DATA, 1, 2, 2910.725000, MEMORY, Virtual (KB), 4344, Physical (KB), 348 
DEBUG: myID = 0, startPos = 0, endPos = 50000000 
DEBUG: myID = 2, startPos = 100000000, endPos = 150000000 
DEBUG: myID = 1, startPos = 50000000, endPos = 100000000 
DEBUG: myID = 3, startPos = 150000000, endPos = 200000000 
DEBUG: Global_Sum 628318531.217977
DATA, 1, 2, 1544.588000
MEMORY, Virtual (KB), 33308, Physical (KB), 604 
DEBUG: myID = 0, startPos = 0, endPos = 50000000 
DEBUG: myID = 2, startPos = 100000000, endPos = 150000000 
DEBUG: myID = 1, startPos = 50000000, endPos = 100000000 
DEBUG: myID = 3, startPos = 150000000, endPos = 200000000 
DEBUG: Global_Sum 628318531.217977
DATA, 1, 2, 1443.218000
MEMORY, Virtual (KB), 106972, Physical (KB), 544 
