Hostname: elf73
elf73
elf73
elf73
DATA, 1, 4, 436.103000
 a 4919012
 b 4921795
 c 4926574
 d 4923347
 e 4922587
 f 4921194
 g 4921172
 h 4924136
 i 4922782
 j 4923424
 k 4924965
 l 4921798
 m 4924714
 n 4923356
 o 4924130
 p 4923067
 q 4923414
 r 4923847
 s 4922934
 t 4921513
 u 4921384
 v 4924699
 w 4926437
 x 4924902
 y 4921682
 z 4921135

Total characters:  128000000
DATA, 1, 4, 361.732000
 a 4919012
 b 4921795
 c 4926574
 d 4923347
 e 4922587
 f 4921194
 g 4921172
 h 4924136
 i 4922782
 j 4923424
 k 4924965
 l 4921798
 m 4924714
 n 4923356
 o 4924130
 p 4923067
 q 4923414
 r 4923847
 s 4922934
 t 4921513
 u 4921384
 v 4924699
 w 4926437
 x 4924902
 y 4921682
 z 4921135

Total characters:  128000000
DATA, 1, 4, 367.646000
 a 4919012
 b 4921795
 c 4926574
 d 4923347
 e 4922587
 f 4921194
 g 4921172
 h 4924136
 i 4922782
 j 4923424
 k 4924965
 l 4921798
 m 4924714
 n 4923356
 o 4924130
 p 4923067
 q 4923414
 r 4923847
 s 4922934
 t 4921513
 u 4921384
 v 4924699
 w 4926437
 x 4924902
 y 4921682
 z 4921135

Total characters:  128000000
