Number of tasks= 10, My rank= 2
Number of tasks= 10, My rank= 3
Number of tasks= 10, My rank= 0
Read in 50000 words
Number of tasks= 10, My rank= 1
Number of tasks= 10, My rank= 4
Number of tasks= 10, My rank= 8
Number of tasks= 10, My rank= 5
Number of tasks= 10, My rank= 9
Number of tasks= 10, My rank= 6
Number of tasks= 10, My rank= 7
Read in 1000 lines averaging 1628 chars/line

Chunk Number: 1, Start: 5000, End: 10000

Chunk Number: 0, Start: 0, End: 5000

Chunk Number: 2, Start: 10000, End: 15000

Chunk Number: 5, Start: 25000, End: 30000

Chunk Number: 9, Start: 45000, End: 50000

Chunk Number: 6, Start: 30000, End: 35000

Chunk Number: 3, Start: 15000, End: 20000

Chunk Number: 7, Start: 35000, End: 40000

Chunk Number: 8, Start: 40000, End: 45000

Chunk Number: 4, Start: 20000, End: 25000

Rank 9 Runtime: 3.522028 seconds
Rank 1 Runtime: 3.534041 seconds
Rank 0 Runtime: 3.533944 seconds
Rank 6 Runtime: 3.723268 seconds
Rank 5 Runtime: 3.843792 seconds
Rank 2 Runtime: 3.848052 seconds
Rank 8 Runtime: 3.521114 seconds
Rank 7 Runtime: 3.703472 seconds
Rank 4 Runtime: 3.841487 seconds
Rank 3 Runtime: 3.846609 seconds

DATA: Total Runtime: 7.0669