Hostname: elf70
elf70
elf70
elf70
elf70
elf70
elf70
elf70
elf70
elf70
elf70
elf70
elf70
elf70
elf70
elf70
DATA, 1, 16, 1368.976000, MEMORY, Virtual (KB), 4344, Physical (KB), 348 
DEBUG: myID = 1, startPos = 50000000, endPos = 100000000 
DEBUG: myID = 0, startPos = 0, endPos = 50000000 
DEBUG: Global_Sum 314159265.858949
DATA, 1, 16, 671.429000
MEMORY, Virtual (KB), 16916, Physical (KB), 604 
DEBUG: myID = 0, startPos = 0, endPos = 50000000 
DEBUG: myID = 1, startPos = 50000000, endPos = 100000000 
DEBUG: Global_Sum 314159265.858949
DATA, 1, 16, 673.239000
MEMORY, Virtual (KB), 90580, Physical (KB), 540 
