slurmstepd: error: task/cgroup: task[0] unable to set taskset '0x00005555'
slurmstepd: error: task/cgroup: task[0] unable to set taskset '0x00000001'
slurmstepd: error: task/cgroup: task[1] unable to set taskset '0x00000004'
slurmstepd: error: task/cgroup: task[2] unable to set taskset '0x00000010'
slurmstepd: error: task/cgroup: task[3] unable to set taskset '0x00000040'
slurmstepd: error: task/cgroup: task[4] unable to set taskset '0x00000100'
slurmstepd: error: task/cgroup: task[5] unable to set taskset '0x00000400'
slurmstepd: error: task/cgroup: task[6] unable to set taskset '0x00001000'
slurmstepd: error: task/cgroup: task[7] unable to set taskset '0x00004000'
Hostname: elf66
elf66
elf66
elf66
elf66
elf66
elf66
elf66
DATA, 1, 8, 1382.596000, MEMORY, Virtual (KB), 4344, Physical (KB), 348 
DEBUG: myID = 0, startPos = 0, endPos = 50000000 
DEBUG: myID = 1, startPos = 50000000, endPos = 100000000 
DEBUG: Global_Sum 314159265.858949
DATA, 1, 8, 697.994000
MEMORY, Virtual (KB), 16916, Physical (KB), 604 
DEBUG: myID = 0, startPos = 0, endPos = 50000000 
DEBUG: myID = 1, startPos = 50000000, endPos = 100000000 
DEBUG: Global_Sum 314159265.858949
DATA, 1, 8, 695.965000
MEMORY, Virtual (KB), 90580, Physical (KB), 536 
