Number of tasks= 64, My rank= 0
Number of tasks= 64, My rank= 1
Number of tasks= 64, My rank= 2
Number of tasks= 64, My rank= 3
Number of tasks= 64, My rank= 4
Number of tasks= 64, My rank= 5
Number of tasks= 64, My rank= 6
Number of tasks= 64, My rank= 7
Number of tasks= 64, My rank= 8
Number of tasks= 64, My rank= 9
Number of tasks= 64, My rank= 10
Number of tasks= 64, My rank= 11
Number of tasks= 64, My rank= 12
Number of tasks= 64, My rank= 13
Number of tasks= 64, My rank= 14
Number of tasks= 64, My rank= 15
Number of tasks= 64, My rank= 48
Number of tasks= 64, My rank= 50
Number of tasks= 64, My rank= 32
Number of tasks= 64, My rank= 52
Number of tasks= 64, My rank= 33
Number of tasks= 64, My rank= 53
Number of tasks= 64, My rank= 34
Number of tasks= 64, My rank= 54
Number of tasks= 64, My rank= 35
Number of tasks= 64, My rank= 55
Number of tasks= 64, My rank= 36
Number of tasks= 64, My rank= 16
Number of tasks= 64, My rank= 56
Number of tasks= 64, My rank= 37
Number of tasks= 64, My rank= 17
Number of tasks= 64, My rank= 57
Number of tasks= 64, My rank= 38
Number of tasks= 64, My rank= 18
Number of tasks= 64, My rank= 58
Number of tasks= 64, My rank= 39
Number of tasks= 64, My rank= 19
Number of tasks= 64, My rank= 59
Number of tasks= 64, My rank= 40
Number of tasks= 64, My rank= 20
Number of tasks= 64, My rank= 60
Number of tasks= 64, My rank= 41
Number of tasks= 64, My rank= 21
Number of tasks= 64, My rank= 61
Number of tasks= 64, My rank= 42
Number of tasks= 64, My rank= 22
Number of tasks= 64, My rank= 62
Number of tasks= 64, My rank= 43
Number of tasks= 64, My rank= 23
Number of tasks= 64, My rank= 63
Number of tasks= 64, My rank= 44
Number of tasks= 64, My rank= 24
Number of tasks= 64, My rank= 49
Number of tasks= 64, My rank= 45
Number of tasks= 64, My rank= 25
Number of tasks= 64, My rank= 51
Number of tasks= 64, My rank= 46
Number of tasks= 64, My rank= 26
Number of tasks= 64, My rank= 47
Number of tasks= 64, My rank= 27
Number of tasks= 64, My rank= 28
Number of tasks= 64, My rank= 29
Number of tasks= 64, My rank= 30
Number of tasks= 64, My rank= 31
Read in 50000 words
Read in 1000000 lines averaging 1708 chars/line

Chunk Number: 1, Start: 781, End: 1562

Chunk Number: 2, Start: 1562, End: 2343

Chunk Number: 0, Start: 0, End: 781

Chunk Number: 3, Start: 2343, End: 3124

Chunk Number: 4, Start: 3124, End: 3905

Chunk Number: 5, Start: 3905, End: 4686

Chunk Number: 6, Start: 4686, End: 5467

Chunk Number: 7, Start: 5467, End: 6248

Chunk Number: 8, Start: 6248, End: 7029

Chunk Number: 9, Start: 7029, End: 7810

Chunk Number: 10, Start: 7810, End: 8591

Chunk Number: 11, Start: 8591, End: 9372

Chunk Number: 12, Start: 9372, End: 10153

Chunk Number: 13, Start: 10153, End: 10934

Chunk Number: 15, Start: 11715, End: 12496

Chunk Number: 14, Start: 10934, End: 11715

Chunk Number: 16, Start: 12496, End: 13277

Chunk Number: 17, Start: 13277, End: 14058

Chunk Number: 18, Start: 14058, End: 14839

Chunk Number: 19, Start: 14839, End: 15620

Chunk Number: 20, Start: 15620, End: 16401

Chunk Number: 21, Start: 16401, End: 17182

Chunk Number: 22, Start: 17182, End: 17963

Chunk Number: 23, Start: 17963, End: 18744

Chunk Number: 24, Start: 18744, End: 19525

Chunk Number: 25, Start: 19525, End: 20306

Chunk Number: 26, Start: 20306, End: 21087

Chunk Number: 27, Start: 21087, End: 21868

Chunk Number: 28, Start: 21868, End: 22649

Chunk Number: 31, Start: 24211, End: 24992

Chunk Number: 29, Start: 22649, End: 23430

Chunk Number: 30, Start: 23430, End: 24211

Chunk Number: 32, Start: 24992, End: 25773

Chunk Number: 33, Start: 25773, End: 26554

Chunk Number: 34, Start: 26554, End: 27335

Chunk Number: 35, Start: 27335, End: 28116

Chunk Number: 36, Start: 28116, End: 28897

Chunk Number: 37, Start: 28897, End: 29678

Chunk Number: 38, Start: 29678, End: 30459

Chunk Number: 39, Start: 30459, End: 31240

Chunk Number: 40, Start: 31240, End: 32021

Chunk Number: 41, Start: 32021, End: 32802

Chunk Number: 42, Start: 32802, End: 33583

Chunk Number: 43, Start: 33583, End: 34364

Chunk Number: 44, Start: 34364, End: 35145

Chunk Number: 48, Start: 37488, End: 38269

Chunk Number: 47, Start: 36707, End: 37488

Chunk Number: 45, Start: 35145, End: 35926

Chunk Number: 46, Start: 35926, End: 36707

Chunk Number: 49, Start: 38269, End: 39050

Chunk Number: 50, Start: 39050, End: 39831

Chunk Number: 51, Start: 39831, End: 40612

Chunk Number: 52, Start: 40612, End: 41393

Chunk Number: 53, Start: 41393, End: 42174

Chunk Number: 54, Start: 42174, End: 42955

Chunk Number: 55, Start: 42955, End: 43736

Chunk Number: 56, Start: 43736, End: 44517

Chunk Number: 57, Start: 44517, End: 45298

Chunk Number: 58, Start: 45298, End: 46079

Chunk Number: 63, Start: 49203, End: 50000

Chunk Number: 60, Start: 46860, End: 47641

Chunk Number: 61, Start: 47641, End: 48422

Chunk Number: 62, Start: 48422, End: 49203

Chunk Number: 59, Start: 46079, End: 46860

Rank 0 Runtime: 631.277372 seconds
Rank 5 Runtime: 630.817538 seconds
Rank 2 Runtime: 631.910086 seconds
Rank 1 Runtime: 632.256066 seconds
Rank 4 Runtime: 631.270343 seconds
Rank 3 Runtime: 631.552424 seconds
Rank 6 Runtime: 631.635311 seconds
Rank 7 Runtime: 631.174300 seconds
Rank 8 Runtime: 631.763904 seconds
Rank 9 Runtime: 631.161211 seconds
Rank 10 Runtime: 631.294724 seconds
Rank 11 Runtime: 630.673074 seconds
Rank 12 Runtime: 631.084438 seconds
Rank 13 Runtime: 631.120610 seconds
Rank 14 Runtime: 630.404846 seconds
Rank 16 Runtime: 631.361910 seconds
Rank 15 Runtime: 631.579479 seconds
Rank 20 Runtime: 629.731562 seconds
Rank 17 Runtime: 630.783777 seconds
Rank 18 Runtime: 630.954367 seconds
Rank 19 Runtime: 630.691777 seconds
Rank 21 Runtime: 630.865299 seconds
Rank 23 Runtime: 630.697036 seconds
Rank 22 Runtime: 630.704439 seconds
Rank 24 Runtime: 630.586600 seconds
Rank 25 Runtime: 630.903768 seconds
Rank 28 Runtime: 630.368794 seconds
Rank 27 Runtime: 630.598824 seconds
Rank 26 Runtime: 630.886145 seconds
Rank 31 Runtime: 630.564634 seconds
Rank 30 Runtime: 630.903778 seconds
Rank 29 Runtime: 630.998575 seconds
Rank 33 Runtime: 630.717044 seconds
Rank 34 Runtime: 630.745594 seconds
Rank 32 Runtime: 630.798761 seconds
Rank 35 Runtime: 630.831127 seconds
Rank 37 Runtime: 630.842481 seconds
Rank 38 Runtime: 631.295911 seconds
Rank 36 Runtime: 631.303698 seconds
Rank 39 Runtime: 630.645811 seconds
Rank 45 Runtime: 630.099261 seconds
Rank 46 Runtime: 630.215642 seconds
Rank 41 Runtime: 630.453538 seconds
Rank 43 Runtime: 630.482643 seconds
Rank 42 Runtime: 630.717324 seconds
Rank 40 Runtime: 630.772118 seconds
Rank 47 Runtime: 630.797412 seconds
Rank 44 Runtime: 630.887728 seconds
Rank 50 Runtime: 11487.900673 seconds
Rank 62 Runtime: 11486.761353 seconds
Rank 53 Runtime: 11527.976903 seconds
Rank 57 Runtime: 11539.624189 seconds
Rank 61 Runtime: 11542.864335 seconds
Rank 55 Runtime: 11567.014528 seconds
Rank 54 Runtime: 11650.000874 seconds
Rank 48 Runtime: 11662.986727 seconds
Rank 60 Runtime: 11682.712280 seconds
Rank 59 Runtime: 11726.484069 seconds
Rank 56 Runtime: 11772.793567 seconds
Rank 49 Runtime: 11781.560459 seconds
Rank 58 Runtime: 11806.001250 seconds
Rank 52 Runtime: 11877.013592 seconds
Rank 51 Runtime: 11935.016220 seconds
Rank 63 Runtime: 12071.011053 seconds

DATA: Total Runtime: 16185.3080