Number of tasks= 16, My rank= 0
Number of tasks= 16, My rank= 2
Number of tasks= 16, My rank= 3
Number of tasks= 16, My rank= 4
Number of tasks= 16, My rank= 5
Number of tasks= 16, My rank= 6
Number of tasks= 16, My rank= 7
Number of tasks= 16, My rank= 1
Number of tasks= 16, My rank= 8
Number of tasks= 16, My rank= 9
Number of tasks= 16, My rank= 10
Number of tasks= 16, My rank= 11
Number of tasks= 16, My rank= 12
Number of tasks= 16, My rank= 13
Number of tasks= 16, My rank= 14
Number of tasks= 16, My rank= 15
Read in 50000 words
Read in 1000 lines averaging 1628 chars/line

Chunk Number: 7, Start: 21875, End: 25000

Chunk Number: 1, Start: 3125, End: 6250

Chunk Number: 2, Start: 6250, End: 9375

Chunk Number: 3, Start: 9375, End: 12500

Chunk Number: 4, Start: 12500, End: 15625

Chunk Number: 5, Start: 15625, End: 18750

Chunk Number: 6, Start: 18750, End: 21875

Chunk Number: 0, Start: 0, End: 3125

Chunk Number: 8, Start: 25000, End: 28125

Chunk Number: 9, Start: 28125, End: 31250

Chunk Number: 10, Start: 31250, End: 34375

Chunk Number: 11, Start: 34375, End: 37500

Chunk Number: 12, Start: 37500, End: 40625

Chunk Number: 13, Start: 40625, End: 43750

Chunk Number: 14, Start: 43750, End: 46875

Chunk Number: 15, Start: 46875, End: 50000

Rank 13 Runtime: 2.400308 seconds
Rank 15 Runtime: 2.400716 seconds
Rank 12 Runtime: 2.401445 seconds
Rank 6 Runtime: 2.409672 seconds
Rank 7 Runtime: 2.409184 seconds
Rank 4 Runtime: 2.409444 seconds
Rank 14 Runtime: 2.402798 seconds
Rank 11 Runtime: 2.402861 seconds
Rank 8 Runtime: 2.403785 seconds
Rank 9 Runtime: 2.404517 seconds
Rank 10 Runtime: 2.405872 seconds
Rank 5 Runtime: 2.410553 seconds
Rank 3 Runtime: 2.410676 seconds
Rank 1 Runtime: 2.412946 seconds
Rank 2 Runtime: 2.413136 seconds
Rank 0 Runtime: 2.415576 seconds

DATA: Total Runtime: 4.0433