Number of tasks= 24, My rank= 0
Number of tasks= 24, My rank= 1
Number of tasks= 24, My rank= 2
Number of tasks= 24, My rank= 3
Number of tasks= 24, My rank= 4
Number of tasks= 24, My rank= 5
Number of tasks= 24, My rank= 6
Number of tasks= 24, My rank= 7
Read in 50000 words
Number of tasks= 24, My rank= 16
Number of tasks= 24, My rank= 8
Number of tasks= 24, My rank= 17
Number of tasks= 24, My rank= 9
Number of tasks= 24, My rank= 18
Number of tasks= 24, My rank= 10
Number of tasks= 24, My rank= 19
Number of tasks= 24, My rank= 11
Number of tasks= 24, My rank= 20
Number of tasks= 24, My rank= 12
Number of tasks= 24, My rank= 21
Number of tasks= 24, My rank= 13
Number of tasks= 24, My rank= 22
Number of tasks= 24, My rank= 14
Number of tasks= 24, My rank= 23
Number of tasks= 24, My rank= 15
Read in 1000 lines averaging 1628 chars/line

Chunk Number: 7, Start: 14581, End: 16664

Chunk Number: 1, Start: 2083, End: 4166

Chunk Number: 2, Start: 4166, End: 6249

Chunk Number: 3, Start: 6249, End: 8332

Chunk Number: 4, Start: 8332, End: 10415

Chunk Number: 5, Start: 10415, End: 12498

Chunk Number: 6, Start: 12498, End: 14581

Chunk Number: 0, Start: 0, End: 2083

Chunk Number: 16, Start: 33328, End: 35411

Chunk Number: 17, Start: 35411, End: 37494

Chunk Number: 18, Start: 37494, End: 39577

Chunk Number: 19, Start: 39577, End: 41660

Chunk Number: 20, Start: 41660, End: 43743

Chunk Number: 21, Start: 43743, End: 45826

Chunk Number: 22, Start: 45826, End: 47909

Chunk Number: 23, Start: 47909, End: 50000

Chunk Number: 8, Start: 16664, End: 18747

Chunk Number: 9, Start: 18747, End: 20830

Chunk Number: 10, Start: 20830, End: 22913

Chunk Number: 11, Start: 22913, End: 24996

Chunk Number: 12, Start: 24996, End: 27079

Chunk Number: 13, Start: 27079, End: 29162

Chunk Number: 14, Start: 29162, End: 31245

Chunk Number: 15, Start: 31245, End: 33328

Rank 6 Runtime: 1.605854 seconds
Rank 7 Runtime: 1.606054 seconds
Rank 5 Runtime: 1.605610 seconds
Rank 2 Runtime: 1.607748 seconds
Rank 1 Runtime: 1.608016 seconds
Rank 3 Runtime: 1.608019 seconds
Rank 4 Runtime: 1.608198 seconds
Rank 0 Runtime: 1.609475 seconds
Rank 22 Runtime: 1.603885 seconds
Rank 17 Runtime: 1.603912 seconds
Rank 18 Runtime: 1.603988 seconds
Rank 20 Runtime: 1.603944 seconds
Rank 21 Runtime: 1.604244 seconds
Rank 13 Runtime: 1.606275 seconds
Rank 16 Runtime: 1.604775 seconds
Rank 15 Runtime: 1.606256 seconds
Rank 19 Runtime: 1.605573 seconds
Rank 10 Runtime: 1.606503 seconds
Rank 23 Runtime: 1.610127 seconds
Rank 14 Runtime: 1.606696 seconds
Rank 9 Runtime: 1.606793 seconds
Rank 12 Runtime: 1.606768 seconds
Rank 11 Runtime: 1.606971 seconds
Rank 8 Runtime: 1.608501 seconds

DATA: Total Runtime: 4.4609