Number of tasks= 8, My rank= 6
Number of tasks= 8, My rank= 7
Number of tasks= 8, My rank= 0
Number of tasks= 8, My rank= 1
Number of tasks= 8, My rank= 2
Number of tasks= 8, My rank= 3
Number of tasks= 8, My rank= 4
Number of tasks= 8, My rank= 5
Read in 50000 words
Read in 100000 lines averaging 1707 chars/line

Chunk Number: 0, Start: 0, End: 6250

Chunk Number: 1, Start: 6250, End: 12500

Chunk Number: 2, Start: 12500, End: 18750

Chunk Number: 4, Start: 25000, End: 31250

Chunk Number: 6, Start: 37500, End: 43750

Chunk Number: 3, Start: 18750, End: 25000

Chunk Number: 5, Start: 31250, End: 37500

Chunk Number: 7, Start: 43750, End: 50000

Rank 5 Runtime: 483.431194 seconds
Rank 4 Runtime: 483.464807 seconds
Rank 2 Runtime: 483.663563 seconds
Rank 3 Runtime: 483.693471 seconds
Rank 1 Runtime: 500.936601 seconds
Rank 0 Runtime: 501.177797 seconds
Rank 6 Runtime: 503.823911 seconds
Rank 7 Runtime: 503.841828 seconds

DATA: Total Runtime: 539.5679