slurmstepd: error: task/cgroup: task[0] unable to set taskset '0x00000001'
Hostname: elf17
elf17
elf17
elf17
elf17
elf17
elf17
elf17
DATA, 1, 8, 11601.434000, MEMORY, Virtual (KB), 4344, Physical (KB), 348 
DEBUG: myID = 0, startPos = 0, endPos = 100000000 
DEBUG: myID = 7, startPos = 700000000, endPos = 800000000 
DEBUG: myID = 2, startPos = 200000000, endPos = 300000000 
DEBUG: myID = 5, startPos = 500000000, endPos = 600000000 
DEBUG: myID = 4, startPos = 400000000, endPos = 500000000 
DEBUG: myID = 1, startPos = 100000000, endPos = 200000000 
DEBUG: myID = 3, startPos = 300000000, endPos = 400000000 
DEBUG: myID = 6, startPos = 600000000, endPos = 700000000 
DEBUG: Global_Sum 2513274123.371828
DATA, 1, 8, 2144.918000
MEMORY, Virtual (KB), 66092, Physical (KB), 604 
DEBUG: myID = 1, startPos = 100000000, endPos = 200000000 
DEBUG: myID = 0, startPos = 0, endPos = 100000000 
DEBUG: myID = 3, startPos = 300000000, endPos = 400000000 
DEBUG: myID = 2, startPos = 200000000, endPos = 300000000 
DEBUG: myID = 4, startPos = 400000000, endPos = 500000000 
DEBUG: myID = 5, startPos = 500000000, endPos = 600000000 
DEBUG: myID = 6, startPos = 600000000, endPos = 700000000 
DEBUG: myID = 7, startPos = 700000000, endPos = 800000000 
DEBUG: Global_Sum 2513274123.371828
DATA, 1, 8, 2033.256000
MEMORY, Virtual (KB), 106972, Physical (KB), 716 
