Hostname: elf36
elf36
elf36
elf36
elf36
elf36
elf36
elf36
DATA, 1, 8, 1767.875000
 a 19684573
 b 19690420
 c 19688937
 d 19697359
 e 19686778
 f 19690619
 g 19691501
 h 19699714
 i 19693286
 j 19691131
 k 19691205
 l 19692860
 m 19691082
 n 19693254
 o 19693057
 p 19694413
 q 19688486
 r 19696192
 s 19694569
 t 19696255
 u 19694214
 v 19691808
 w 19697831
 x 19693369
 y 19685796
 z 19691291

Total characters:  512000000
DATA, 1, 8, 2952.357000
 a 19684573
 b 19690420
 c 19688937
 d 19697359
 e 19686778
 f 19690619
 g 19691501
 h 19699714
 i 19693286
 j 19691131
 k 19691205
 l 19692860
 m 19691082
 n 19693254
 o 19693057
 p 19694413
 q 19688486
 r 19696192
 s 19694569
 t 19696255
 u 19694214
 v 19691808
 w 19697831
 x 19693369
 y 19685796
 z 19691291

Total characters:  512000000
DATA, 1, 8, 1561.877000
 a 19684573
 b 19690420
 c 19688937
 d 19697359
 e 19686778
 f 19690619
 g 19691501
 h 19699714
 i 19693286
 j 19691131
 k 19691205
 l 19692860
 m 19691082
 n 19693254
 o 19693057
 p 19694413
 q 19688486
 r 19696192
 s 19694569
 t 19696255
 u 19694214
 v 19691808
 w 19697831
 x 19693369
 y 19685796
 z 19691291

Total characters:  512000000
