Hostname: elf58
elf58
elf58
elf58
DATA, 1, 4, 231.926000
 a 2458389
 b 2458983
 c 2463390
 d 2461479
 e 2460843
 f 2459615
 g 2461531
 h 2462789
 i 2460881
 j 2462162
 k 2462940
 l 2462202
 m 2463195
 n 2461990
 o 2462844
 p 2460571
 q 2463305
 r 2463366
 s 2460964
 t 2462244
 u 2459861
 v 2462188
 w 2463714
 x 2461056
 y 2460929
 z 2458569

Total characters:  64000000
DATA, 1, 4, 190.658000
 a 2458389
 b 2458983
 c 2463390
 d 2461479
 e 2460843
 f 2459615
 g 2461531
 h 2462789
 i 2460881
 j 2462162
 k 2462940
 l 2462202
 m 2463195
 n 2461990
 o 2462844
 p 2460571
 q 2463305
 r 2463366
 s 2460964
 t 2462244
 u 2459861
 v 2462188
 w 2463714
 x 2461056
 y 2460929
 z 2458569

Total characters:  64000000
DATA, 1, 4, 193.328000
 a 2458389
 b 2458983
 c 2463390
 d 2461479
 e 2460843
 f 2459615
 g 2461531
 h 2462789
 i 2460881
 j 2462162
 k 2462940
 l 2462202
 m 2463195
 n 2461990
 o 2462844
 p 2460571
 q 2463305
 r 2463366
 s 2460964
 t 2462244
 u 2459861
 v 2462188
 w 2463714
 x 2461056
 y 2460929
 z 2458569

Total characters:  64000000
