Hostname: elf71
elf71
elf71
elf71
elf71
elf71
elf71
elf71
elf71
elf71
elf71
elf71
elf71
elf71
elf71
elf71
DATA, 1, 16, 854.128000
 a 9841730
 b 9847690
 c 9848548
 d 9850871
 e 9843970
 f 9847384
 g 9843465
 h 9847752
 i 9847225
 j 9845897
 k 9844697
 l 9847378
 m 9845433
 n 9848254
 o 9845737
 p 9845744
 q 9847810
 r 9847689
 s 9844904
 t 9844777
 u 9842726
 v 9847319
 w 9852730
 x 9846666
 y 9840655
 z 9842949

Total characters:  256000000
DATA, 1, 16, 706.140000
 a 9841730
 b 9847690
 c 9848548
 d 9850871
 e 9843970
 f 9847384
 g 9843465
 h 9847752
 i 9847225
 j 9845897
 k 9844697
 l 9847378
 m 9845433
 n 9848254
 o 9845737
 p 9845744
 q 9847810
 r 9847689
 s 9844904
 t 9844777
 u 9842726
 v 9847319
 w 9852730
 x 9846666
 y 9840655
 z 9842949

Total characters:  256000000
DATA, 1, 16, 717.737000
 a 9841730
 b 9847690
 c 9848548
 d 9850871
 e 9843970
 f 9847384
 g 9843465
 h 9847752
 i 9847225
 j 9845897
 k 9844697
 l 9847378
 m 9845433
 n 9848254
 o 9845737
 p 9845744
 q 9847810
 r 9847689
 s 9844904
 t 9844777
 u 9842726
 v 9847319
 w 9852730
 x 9846666
 y 9840655
 z 9842949

Total characters:  256000000
