slurmstepd: error: task/cgroup: task[0] unable to set taskset '0x00000001'
Hostname: elf17
elf17
elf17
elf17
elf17
elf17
elf17
elf17
DATA, 1, 8, 11600.182000, MEMORY, Virtual (KB), 4344, Physical (KB), 348 
DEBUG: myID = 0, startPos = 0, endPos = 400000000 
DEBUG: myID = 1, startPos = 400000000, endPos = 800000000 
DEBUG: Global_Sum 2513274123.371861
DATA, 1, 8, 5687.849000
MEMORY, Virtual (KB), 16916, Physical (KB), 604 
DEBUG: myID = 0, startPos = 0, endPos = 400000000 
DEBUG: myID = 1, startPos = 400000000, endPos = 800000000 
DEBUG: Global_Sum 2513274123.371861
DATA, 1, 8, 5690.295000
MEMORY, Virtual (KB), 90580, Physical (KB), 540 
