Hostname: elf41
elf41
elf41
elf41
elf41
elf41
elf41
elf41
DATA, 1, 8, 11532.552000, MEMORY, Virtual (KB), 4344, Physical (KB), 348 
DEBUG: myID = 0, startPos = 0, endPos = 200000000 
DEBUG: myID = 1, startPos = 200000000, endPos = 400000000 
DEBUG: myID = 2, startPos = 400000000, endPos = 600000000 
DEBUG: myID = 3, startPos = 600000000, endPos = 800000000 
DEBUG: Global_Sum 2513274123.371896
DATA, 1, 8, 3015.229000
MEMORY, Virtual (KB), 33308, Physical (KB), 604 
DEBUG: myID = 0, startPos = 0, endPos = 200000000 
DEBUG: myID = 3, startPos = 600000000, endPos = 800000000 
DEBUG: myID = 1, startPos = 200000000, endPos = 400000000 
DEBUG: myID = 2, startPos = 400000000, endPos = 600000000 
DEBUG: Global_Sum 2513274123.371896
DATA, 1, 8, 3541.975000
MEMORY, Virtual (KB), 106972, Physical (KB), 544 
