slurmstepd: error: task/cgroup: task[0] unable to set taskset '0x00000055'
slurmstepd: error: task/cgroup: task[0] unable to set taskset '0x00000001'
slurmstepd: error: task/cgroup: task[1] unable to set taskset '0x00000004'
slurmstepd: error: task/cgroup: task[2] unable to set taskset '0x00000010'
slurmstepd: error: task/cgroup: task[3] unable to set taskset '0x00000040'
Hostname: elf43
elf43
elf43
elf43
DATA, 1, 4, 12347.988000, MEMORY, Virtual (KB), 4344, Physical (KB), 348 
DEBUG: myID = 0, startPos = 0, endPos = 200000000 
DEBUG: myID = 1, startPos = 200000000, endPos = 400000000 
DEBUG: myID = 2, startPos = 400000000, endPos = 600000000 
DEBUG: myID = 3, startPos = 600000000, endPos = 800000000 
DEBUG: Global_Sum 2513274123.371896
DATA, 1, 4, 3102.403000
MEMORY, Virtual (KB), 33308, Physical (KB), 604 
DEBUG: myID = 0, startPos = 0, endPos = 200000000 
DEBUG: myID = 3, startPos = 600000000, endPos = 800000000 
DEBUG: myID = 1, startPos = 200000000, endPos = 400000000 
DEBUG: myID = 2, startPos = 400000000, endPos = 600000000 
DEBUG: Global_Sum 2513274123.371896
DATA, 1, 4, 3103.008000
MEMORY, Virtual (KB), 106972, Physical (KB), 544 
