Hostname: elf14
elf14
elf14
elf14
elf14
elf14
elf14
elf14
elf14
elf14
elf14
elf14
elf14
elf14
elf14
elf14
DATA, 1, 16, 11001.943000, MEMORY, Virtual (KB), 4344, Physical (KB), 348 
DEBUG: myID = 2, startPos = 400000000, endPos = 600000000 
DEBUG: myID = 0, startPos = 0, endPos = 200000000 
DEBUG: myID = 1, startPos = 200000000, endPos = 400000000 
DEBUG: myID = 3, startPos = 600000000, endPos = 800000000 
DEBUG: Global_Sum 2513274123.371896
DATA, 1, 16, 2850.150000
MEMORY, Virtual (KB), 33308, Physical (KB), 604 
DEBUG: myID = 2, startPos = 400000000, endPos = 600000000 
DEBUG: myID = 1, startPos = 200000000, endPos = 400000000 
DEBUG: myID = 3, startPos = 600000000, endPos = 800000000 
DEBUG: myID = 0, startPos = 0, endPos = 200000000 
DEBUG: Global_Sum 2513274123.371896
DATA, 1, 16, 2847.940000
MEMORY, Virtual (KB), 106972, Physical (KB), 536 
