Hostname: elf70
elf70
elf70
elf70
elf70
elf70
elf70
elf70
elf70
elf70
elf70
elf70
elf70
elf70
elf70
elf70
DATA, 1, 16, 1364.849000, MEMORY, Virtual (KB), 4344, Physical (KB), 348 
DEBUG: myID = 0, startPos = 0, endPos = 25000000 
DEBUG: myID = 2, startPos = 50000000, endPos = 75000000 
DEBUG: myID = 1, startPos = 25000000, endPos = 50000000 
DEBUG: myID = 3, startPos = 75000000, endPos = 100000000 
DEBUG: Global_Sum 314159265.858951
DATA, 1, 16, 346.485000
MEMORY, Virtual (KB), 33308, Physical (KB), 604 
DEBUG: myID = 0, startPos = 0, endPos = 25000000 
DEBUG: myID = 1, startPos = 25000000, endPos = 50000000 
DEBUG: myID = 3, startPos = 75000000, endPos = 100000000 
DEBUG: myID = 2, startPos = 50000000, endPos = 75000000 
DEBUG: Global_Sum 314159265.858951
DATA, 1, 16, 356.483000
MEMORY, Virtual (KB), 106972, Physical (KB), 540 
