Number of tasks= 6, My rank= 0
Number of tasks= 6, My rank= 1
Number of tasks= 6, My rank= 4
Number of tasks= 6, My rank= 5
Number of tasks= 6, My rank= 2
Number of tasks= 6, My rank= 3
Read in 50000 words
Read in 10000 lines averaging 1691 chars/line

Chunk Number: 0, Start: 0, End: 8333

Chunk Number: 2, Start: 16666, End: 24999

Chunk Number: 3, Start: 24999, End: 33332

Chunk Number: 1, Start: 8333, End: 16666

Chunk Number: 4, Start: 33332, End: 41665

Chunk Number: 5, Start: 41665, End: 50000

Rank 2 Runtime: 65.782493 seconds
Rank 3 Runtime: 65.793800 seconds
Rank 1 Runtime: 66.147690 seconds
Rank 0 Runtime: 66.189846 seconds
Rank 5 Runtime: 66.823836 seconds
Rank 4 Runtime: 66.924013 seconds

DATA: Total Runtime: 71.7540