Number of tasks= 16, My rank= 0
Read in 50000 words
Number of tasks= 16, My rank= 1
Number of tasks= 16, My rank= 2
Number of tasks= 16, My rank= 3
Number of tasks= 16, My rank= 4
Number of tasks= 16, My rank= 12
Number of tasks= 16, My rank= 8
Number of tasks= 16, My rank= 5
Number of tasks= 16, My rank= 13
Number of tasks= 16, My rank= 9
Number of tasks= 16, My rank= 6
Number of tasks= 16, My rank= 15
Number of tasks= 16, My rank= 10
Number of tasks= 16, My rank= 7
Number of tasks= 16, My rank= 14
Number of tasks= 16, My rank= 11
Read in 1000000 lines averaging 1708 chars/line

Chunk Number: 0, Start: 0, End: 3125

Chunk Number: 1, Start: 3125, End: 6250

Chunk Number: 2, Start: 6250, End: 9375

Chunk Number: 3, Start: 9375, End: 12500

Chunk Number: 4, Start: 12500, End: 15625

Chunk Number: 5, Start: 15625, End: 18750

Chunk Number: 6, Start: 18750, End: 21875

Chunk Number: 7, Start: 21875, End: 25000

Chunk Number: 12, Start: 37500, End: 40625

Chunk Number: 8, Start: 25000, End: 28125

Chunk Number: 15, Start: 46875, End: 50000

Chunk Number: 9, Start: 28125, End: 31250

Chunk Number: 13, Start: 40625, End: 43750

Chunk Number: 10, Start: 31250, End: 34375

Chunk Number: 14, Start: 43750, End: 46875

Chunk Number: 11, Start: 34375, End: 37500

Rank 11 Runtime: 2322.584464 seconds
Rank 4 Runtime: 2351.177523 seconds
Rank 14 Runtime: 2382.536963 seconds
Rank 1 Runtime: 2468.722849 seconds
Rank 10 Runtime: 2486.935523 seconds
Rank 12 Runtime: 2487.383488 seconds
Rank 6 Runtime: 2489.162233 seconds
Rank 8 Runtime: 2489.242327 seconds
Rank 7 Runtime: 2490.594323 seconds
Rank 3 Runtime: 2490.913921 seconds
Rank 9 Runtime: 2491.792348 seconds
Rank 13 Runtime: 2493.656265 seconds
Rank 0 Runtime: 2505.899573 seconds
Rank 5 Runtime: 2516.518722 seconds
Rank 15 Runtime: 2535.330862 seconds
Rank 2 Runtime: 2601.610975 seconds

DATA: Total Runtime: 2670.5760